<?xml version="1.0" encoding="UTF-8"?>
<testng-results ignored="0" total="1" passed="1" failed="0" skipped="0">
  <reporter-output>
  </reporter-output>
  <suite started-at="2025-11-17T11:37:05 IST" name="Default suite" finished-at="2025-11-17T11:38:08 IST" duration-ms="62731">
    <groups>
    </groups>
    <test started-at="2025-11-17T11:37:05 IST" name="Default test" finished-at="2025-11-17T11:38:08 IST" duration-ms="62731">
      <class name="com.example.selfhealing.tests.ItcPageTest">
        <test-method is-config="true" signature="setup()[pri:0, instance:com.example.selfhealing.tests.ItcPageTest@131774fe]" started-at="2025-11-17T11:37:05 IST" name="setup" finished-at="2025-11-17T11:37:14 IST" duration-ms="9183" status="PASS">
          <reporter-output>
          </reporter-output>
        </test-method> <!-- setup -->
        <test-method signature="verifyAmazonHomePageElements()[pri:0, instance:com.example.selfhealing.tests.ItcPageTest@131774fe]" started-at="2025-11-17T11:37:14 IST" name="verifyAmazonHomePageElements" finished-at="2025-11-17T11:38:07 IST" duration-ms="52971" status="PASS">
          <reporter-output>
          </reporter-output>
        </test-method> <!-- verifyAmazonHomePageElements -->
        <test-method is-config="true" signature="tearDown()[pri:0, instance:com.example.selfhealing.tests.ItcPageTest@131774fe]" started-at="2025-11-17T11:38:07 IST" name="tearDown" finished-at="2025-11-17T11:38:08 IST" duration-ms="505" status="PASS">
          <reporter-output>
          </reporter-output>
        </test-method> <!-- tearDown -->
      </class> <!-- com.example.selfhealing.tests.ItcPageTest -->
    </test> <!-- Default test -->
  </suite> <!-- Default suite -->
</testng-results>
